<?xml version="1.0" encoding="UTF-8"?>
<testsuite xmlns:xsi="http://www.w3.org/2001/XMLSchema-instance" xsi:noNamespaceSchemaLocation="https://maven.apache.org/surefire/maven-surefire-plugin/xsd/surefire-test-report.xsd" name="abcorg.finit.AppTest" time="0.022" tests="1" errors="0" skipped="0" failures="0">
  <properties>
    <property name="java.specification.version" value="17"/>
    <property name="sun.cpu.isalist" value="amd64"/>
    <property name="sun.jnu.encoding" value="Cp1252"/>
    <property name="java.class.path" value="C:\Users\MM\eclipse-workspace\finit\target\test-classes;C:\Users\MM\eclipse-workspace\finit\target\classes;C:\Users\MM\.m2\repository\junit\junit\3.8\junit-3.8.jar;C:\Users\MM\.m2\repository\junit\junit-dep\4.9\junit-dep-4.9.jar;C:\Users\MM\.m2\repository\org\hamcrest\hamcrest-core\1.1\hamcrest-core-1.1.jar;"/>
    <property name="java.vm.vendor" value="Oracle Corporation"/>
    <property name="sun.arch.data.model" value="64"/>
    <property name="user.variant" value=""/>
    <property name="java.vendor.url" value="https://java.oracle.com/"/>
    <property name="user.timezone" value="Asia/Calcutta"/>
    <property name="os.name" value="Windows 10"/>
    <property name="java.vm.specification.version" value="17"/>
    <property name="sun.java.launcher" value="SUN_STANDARD"/>
    <property name="user.country" value="US"/>
    <property name="sun.boot.library.path" value="C:\java\jdk-17.0.6\bin"/>
    <property name="sun.java.command" value="C:\Users\MM\AppData\Local\Temp\surefire3574832948399264121\surefirebooter11572186540153843190.jar C:\Users\MM\AppData\Local\Temp\surefire3574832948399264121 2023-06-02T18-50-59_094-jvmRun1 surefire8324263174675328905tmp surefire_0215872448213917948tmp"/>
    <property name="jdk.debug" value="release"/>
    <property name="surefire.test.class.path" value="C:\Users\MM\eclipse-workspace\finit\target\test-classes;C:\Users\MM\eclipse-workspace\finit\target\classes;C:\Users\MM\.m2\repository\junit\junit\3.8\junit-3.8.jar;C:\Users\MM\.m2\repository\junit\junit-dep\4.9\junit-dep-4.9.jar;C:\Users\MM\.m2\repository\org\hamcrest\hamcrest-core\1.1\hamcrest-core-1.1.jar;"/>
    <property name="sun.cpu.endian" value="little"/>
    <property name="user.home" value="C:\Users\MM"/>
    <property name="user.language" value="en"/>
    <property name="java.specification.vendor" value="Oracle Corporation"/>
    <property name="java.version.date" value="2023-01-17"/>
    <property name="java.home" value="C:\java\jdk-17.0.6"/>
    <property name="file.separator" value="\"/>
    <property name="style.color" value="always"/>
    <property name="basedir" value="C:\Users\MM\eclipse-workspace\finit"/>
    <property name="java.vm.compressedOopsMode" value="32-bit"/>
    <property name="line.separator" value="&#10;"/>
    <property name="java.vm.specification.vendor" value="Oracle Corporation"/>
    <property name="java.specification.name" value="Java Platform API Specification"/>
    <property name="surefire.real.class.path" value="C:\Users\MM\AppData\Local\Temp\surefire3574832948399264121\surefirebooter11572186540153843190.jar"/>
    <property name="user.script" value=""/>
    <property name="sun.management.compiler" value="HotSpot 64-Bit Tiered Compilers"/>
    <property name="java.runtime.version" value="17.0.6+9-LTS-190"/>
    <property name="user.name" value="MM"/>
    <property name="path.separator" value=";"/>
    <property name="os.version" value="10.0"/>
    <property name="java.runtime.name" value="Java(TM) SE Runtime Environment"/>
    <property name="file.encoding" value="Cp1252"/>
    <property name="java.vm.name" value="Java HotSpot(TM) 64-Bit Server VM"/>
    <property name="localRepository" value="C:\Users\MM\.m2\repository"/>
    <property name="java.vendor.url.bug" value="https://bugreport.java.com/bugreport/"/>
    <property name="java.io.tmpdir" value="C:\Users\MM\AppData\Local\Temp\"/>
    <property name="java.version" value="17.0.6"/>
    <property name="user.dir" value="C:\Users\MM\eclipse-workspace\finit"/>
    <property name="os.arch" value="amd64"/>
    <property name="java.vm.specification.name" value="Java Virtual Machine Specification"/>
    <property name="sun.os.patch.level" value=""/>
    <property name="native.encoding" value="Cp1252"/>
    <property name="java.library.path" value="C:\java\jdk-17.0.6\bin;C:\WINDOWS\Sun\Java\bin;C:\WINDOWS\system32;C:\WINDOWS;C:/java/jdk-17.0.6/bin/server;C:/java/jdk-17.0.6/bin;C:\Program Files (x86)\VMware\VMware Workstation\bin\;C:\WINDOWS\system32;C:\WINDOWS;C:\WINDOWS\System32\Wbem;C:\WINDOWS\System32\WindowsPowerShell\v1.0\;C:\WINDOWS\System32\OpenSSH\;C:\Program Files\Git\cmd;C:\Program Files\PuTTY\;C:\openssl\bin;C:\java\jdk-17.0.6\bin;C:\apache-ant-1.10.13-bin\apache-ant-1.10.13\bin;C:\apache-maven-3.8.7\bin;C:\HashiCorp\Vagrant\bin;C:\Program Files\sfdx\bin;C:\Program Files\Microsoft VS Code\bin;;C:\Program Files\Docker\Docker\resources\bin;C:\Program Files\Amazon\AWSCLIV2\;C:\Users\MM\AppData\Local\Programs\Python\Python311\Scripts\;C:\Users\MM\AppData\Local\Programs\Python\Python311\;C:\Users\MM\AppData\Local\Microsoft\WindowsApps;C:\Users\MM\AppData\Local\Programs\Microsoft VS Code\bin;C:\kubernetes;C:\Program Files\Terraform;C:\Program Files\sfdx\bin;C:\openssl\bin;C:\java\jdk-17.0.6\bin;;C:\WINDOWS\system32;;."/>
    <property name="java.vm.info" value="mixed mode, sharing"/>
    <property name="java.vendor" value="Oracle Corporation"/>
    <property name="java.vm.version" value="17.0.6+9-LTS-190"/>
    <property name="sun.io.unicode.encoding" value="UnicodeLittle"/>
    <property name="java.class.version" value="61.0"/>
  </properties>
  <testcase name="shouldAnswerWithTrue" classname="abcorg.finit.AppTest" time="0.008"/>
</testsuite>